<?xml version="1.0" encoding="UTF-8"?>
<testng-results ignored="0" total="1" passed="1" failed="0" skipped="0">
  <reporter-output>
  </reporter-output>
  <suite started-at="2022-12-02T18:39:08 IST" name="Suite" finished-at="2022-12-02T18:39:45 IST" duration-ms="36263">
    <groups>
    </groups>
    <test started-at="2022-12-02T18:39:08 IST" name="Test" finished-at="2022-12-02T18:39:45 IST" duration-ms="36263">
      <class name="fst_AssmntExercises.SauceLabTest">
        <test-method is-config="true" signature="launchApp()[pri:0, instance:fst_AssmntExercises.SauceLabTest@6fd83fc1]" started-at="2022-12-02T18:39:08 IST" name="launchApp" finished-at="2022-12-02T18:39:14 IST" duration-ms="5038" status="PASS">
          <reporter-output>
          </reporter-output>
        </test-method> <!-- launchApp -->
        <test-method signature="sauceDemo()[pri:0, instance:fst_AssmntExercises.SauceLabTest@6fd83fc1]" started-at="2022-12-02T18:39:14 IST" name="sauceDemo" finished-at="2022-12-02T18:39:41 IST" duration-ms="27082" status="PASS">
          <reporter-output>
          </reporter-output>
        </test-method> <!-- sauceDemo -->
        <test-method is-config="true" signature="closeApp()[pri:0, instance:fst_AssmntExercises.SauceLabTest@6fd83fc1]" started-at="2022-12-02T18:39:41 IST" name="closeApp" finished-at="2022-12-02T18:39:45 IST" duration-ms="4108" status="PASS">
          <reporter-output>
          </reporter-output>
        </test-method> <!-- closeApp -->
      </class> <!-- fst_AssmntExercises.SauceLabTest -->
    </test> <!-- Test -->
  </suite> <!-- Suite -->
</testng-results>
